<?xml version="1.0" encoding="UTF-8"?>
<!-- Generated by org.testng.reporters.JUnitReportReporter -->
<testsuite hostname="DESKTOP-CL7U2LF" failures="0" tests="3" name="com.amazon.qa.TestCases.LoginPageTest" time="101.084" errors="0" timestamp="2023-01-22T12:25:54 IST" skipped="0">
  <testcase classname="com.amazon.qa.TestCases.LoginPageTest" name="getLoginDetails" time="81.956"/>
  <system-out/>
  <testcase classname="com.amazon.qa.TestCases.LoginPageTest" name="getLoginPageTitle" time="12.772"/>
  <system-out/>
  <testcase classname="com.amazon.qa.TestCases.LoginPageTest" name="amzLogoTest" time="6.356"/>
  <system-out/>
</testsuite> <!-- com.amazon.qa.TestCases.LoginPageTest -->
