<?xml version="1.0" encoding="UTF-8"?>
<!-- Generated by org.testng.reporters.JUnitReportReporter -->
<testsuite hostname="DESKTOP-CL7U2LF" failures="0" tests="3" name="com.amazon.qa.TestCases.LoginPageTest" time="82.293" errors="0" timestamp="2022-12-11T22:11:05 IST" skipped="0">
  <testcase classname="com.amazon.qa.TestCases.LoginPageTest" name="getLoginDetails" time="56.559"/>
  <system-out/>
  <testcase classname="com.amazon.qa.TestCases.LoginPageTest" name="getLoginPageTitle" time="13.786"/>
  <system-out/>
  <testcase classname="com.amazon.qa.TestCases.LoginPageTest" name="amzLogoTest" time="11.948"/>
  <system-out/>
</testsuite> <!-- com.amazon.qa.TestCases.LoginPageTest -->
