<?xml version="1.0" encoding="UTF-8"?>
<!-- Generated by org.testng.reporters.JUnitReportReporter -->
<testsuite skipped="0" hostname="DESKTOP-CL7U2LF" name="com.amazon.qa.TestCases.Frames" tests="1" failures="0" timestamp="2022-04-23T13:57:54 IST" time="106.748" errors="0">
  <testcase name="frames" time="106.748" classname="com.amazon.qa.TestCases.Frames"/>
  <system-out/>
</testsuite> <!-- com.amazon.qa.TestCases.Frames -->
