<?xml version="1.0" encoding="UTF-8"?>
<!-- Generated by org.testng.reporters.JUnitReportReporter -->
<testsuite skipped="0" hostname="DESKTOP-CL7U2LF" name="com.amazon.qa.TestCases.LoginPageTest" tests="3" failures="0" timestamp="2022-02-01T22:37:41 IST" time="110.654" errors="0">
  <testcase name="loginPageTitleTest" time="19.639" classname="com.amazon.qa.TestCases.LoginPageTest"/>
  <system-out/>
  <testcase name="amzLogoTest" time="18.623" classname="com.amazon.qa.TestCases.LoginPageTest"/>
  <system-out/>
  <testcase name="logInTest" time="72.392" classname="com.amazon.qa.TestCases.LoginPageTest"/>
  <system-out/>
</testsuite> <!-- com.amazon.qa.TestCases.LoginPageTest -->
