<?xml version="1.0" encoding="UTF-8"?>
<!-- Generated by org.testng.reporters.JUnitReportReporter -->
<testsuite skipped="0" hostname="DESKTOP-CL7U2LF" name="com.amazon.qa.TestCases.HomePageTest" tests="2" failures="0" timestamp="2022-07-31T23:36:06 IST" time="29.851" errors="0">
  <testcase name="getLoginDetails" time="17.149" classname="com.amazon.qa.TestCases.HomePageTest"/>
  <system-out/>
  <testcase name="amzLogoTest" time="12.702" classname="com.amazon.qa.TestCases.HomePageTest"/>
  <system-out/>
</testsuite> <!-- com.amazon.qa.TestCases.HomePageTest -->
